# JRE version: OpenJDK Runtime Environment (17.0.11) (build 17.0.11+0--11852314)
# Java VM: OpenJDK 64-Bit Server VM (17.0.11+0--11852314, mixed mode, tiered, compressed oops, compressed class ptrs, g1 gc, windows-amd64)
GC Precious Log:
 CPUs: 16 total, 16 available
 Memory: 32638M
 Large Page Support: Disabled
 NUMA Support: Disabled
 Compressed Oops: Enabled (Zero based)
 Heap Region Size: 2M
 Heap Min Capacity: 8M
 Heap Initial Capacity: 510M
 Heap Max Capacity: 4G
 Pre-touch: Disabled
 Parallel Workers: 13
 Concurrent Workers: 3
 Concurrent Refinement Workers: 13
 Periodic GC: Disabled
Heap:
 garbage-first heap   total 192512K, used 156876K [0x0000000700000000, 0x0000000800000000)
  region size 2048K, 38 young (77824K), 5 survivors (10240K)
 Metaspace       used 95179K, committed 95872K, reserved 1179648K
  class space    used 13256K, committed 13568K, reserved 1048576K
GC Heap History (20 events):
Event: 3.230 GC heap after
{Heap after GC invocations=13 (full 0):
 garbage-first heap   total 303104K, used 42779K [0x0000000700000000, 0x0000000800000000)
  region size 2048K, 1 young (2048K), 1 survivors (2048K)
 Metaspace       used 59794K, committed 60288K, reserved 1114112K
  class space    used 8110K, committed 8384K, reserved 1048576K
}
Event: 3.890 GC heap before
{Heap before GC invocations=14 (full 0):
 garbage-first heap   total 157696K, used 139035K [0x0000000700000000, 0x0000000800000000)
  region size 2048K, 45 young (92160K), 1 survivors (2048K)
 Metaspace       used 65704K, committed 66304K, reserved 1114112K
  class space    used 8931K, committed 9216K, reserved 1048576K
}
Event: 3.892 GC heap after
{Heap after GC invocations=15 (full 0):
 garbage-first heap   total 159744K, used 64582K [0x0000000700000000, 0x0000000800000000)
  region size 2048K, 8 young (16384K), 8 survivors (16384K)
 Metaspace       used 65704K, committed 66304K, reserved 1114112K
  class space    used 8931K, committed 9216K, reserved 1048576K
}
Event: 4.233 GC heap before
{Heap before GC invocations=15 (full 0):
 garbage-first heap   total 159744K, used 123974K [0x0000000700000000, 0x0000000800000000)
  region size 2048K, 37 young (75776K), 8 survivors (16384K)
 Metaspace       used 71941K, committed 72576K, reserved 1114112K
  class space    used 9722K, committed 10048K, reserved 1048576K
}
Event: 4.235 GC heap after
{Heap after GC invocations=16 (full 0):
 garbage-first heap   total 159744K, used 69579K [0x0000000700000000, 0x0000000800000000)
  region size 2048K, 3 young (6144K), 3 survivors (6144K)
 Metaspace       used 71941K, committed 72576K, reserved 1114112K
  class space    used 9722K, committed 10048K, reserved 1048576K
}
Event: 4.471 GC heap before
{Heap before GC invocations=16 (full 0):
 garbage-first heap   total 159744K, used 122827K [0x0000000700000000, 0x0000000800000000)
  region size 2048K, 29 young (59392K), 3 survivors (6144K)
 Metaspace       used 75153K, committed 75776K, reserved 1114112K
  class space    used 10164K, committed 10432K, reserved 1048576K
}
Event: 4.472 GC heap after
{Heap after GC invocations=17 (full 0):
 garbage-first heap   total 159744K, used 71861K [0x0000000700000000, 0x0000000800000000)
  region size 2048K, 2 young (4096K), 2 survivors (4096K)
 Metaspace       used 75153K, committed 75776K, reserved 1114112K
  class space    used 10164K, committed 10432K, reserved 1048576K
}
Event: 4.784 GC heap before
{Heap before GC invocations=17 (full 0):
 garbage-first heap   total 159744K, used 123061K [0x0000000700000000, 0x0000000800000000)
  region size 2048K, 28 young (57344K), 2 survivors (4096K)
 Metaspace       used 79985K, committed 80640K, reserved 1179648K
  class space    used 10819K, committed 11136K, reserved 1048576K
}
Event: 4.785 GC heap after
{Heap after GC invocations=18 (full 0):
 garbage-first heap   total 159744K, used 74196K [0x0000000700000000, 0x0000000800000000)
  region size 2048K, 3 young (6144K), 3 survivors (6144K)
 Metaspace       used 79985K, committed 80640K, reserved 1179648K
  class space    used 10819K, committed 11136K, reserved 1048576K
}
Event: 4.843 GC heap before
{Heap before GC invocations=18 (full 0):
 garbage-first heap   total 159744K, used 88532K [0x0000000700000000, 0x0000000800000000)
  region size 2048K, 11 young (22528K), 3 survivors (6144K)
 Metaspace       used 81062K, committed 81664K, reserved 1179648K
  class space    used 10963K, committed 11264K, reserved 1048576K
}
Event: 4.844 GC heap after
{Heap after GC invocations=19 (full 0):
 garbage-first heap   total 159744K, used 74809K [0x0000000700000000, 0x0000000800000000)
  region size 2048K, 2 young (4096K), 2 survivors (4096K)
 Metaspace       used 81062K, committed 81664K, reserved 1179648K
  class space    used 10963K, committed 11264K, reserved 1048576K
}
Event: 5.058 GC heap before
{Heap before GC invocations=20 (full 0):
 garbage-first heap   total 159744K, used 132153K [0x0000000700000000, 0x0000000800000000)
  region size 2048K, 29 young (59392K), 2 survivors (4096K)
 Metaspace       used 82592K, committed 83264K, reserved 1179648K
  class space    used 11196K, committed 11520K, reserved 1048576K
}
Event: 5.061 GC heap after
{Heap after GC invocations=21 (full 0):
 garbage-first heap   total 159744K, used 83556K [0x0000000700000000, 0x0000000800000000)
  region size 2048K, 4 young (8192K), 4 survivors (8192K)
 Metaspace       used 82592K, committed 83264K, reserved 1179648K
  class space    used 11196K, committed 11520K, reserved 1048576K
}
Event: 5.249 GC heap before
{Heap before GC invocations=21 (full 0):
 garbage-first heap   total 159744K, used 128612K [0x0000000700000000, 0x0000000800000000)
  region size 2048K, 26 young (53248K), 4 survivors (8192K)
 Metaspace       used 85624K, committed 86208K, reserved 1179648K
  class space    used 11636K, committed 11968K, reserved 1048576K
}
Event: 5.251 GC heap after
{Heap after GC invocations=22 (full 0):
 garbage-first heap   total 159744K, used 85624K [0x0000000700000000, 0x0000000800000000)
  region size 2048K, 2 young (4096K), 2 survivors (4096K)
 Metaspace       used 85624K, committed 86208K, reserved 1179648K
  class space    used 11636K, committed 11968K, reserved 1048576K
}
Event: 5.449 GC heap before
{Heap before GC invocations=23 (full 0):
 garbage-first heap   total 159744K, used 128632K [0x0000000700000000, 0x0000000800000000)
  region size 2048K, 23 young (47104K), 2 survivors (4096K)
 Metaspace       used 88702K, committed 89344K, reserved 1179648K
  class space    used 12254K, committed 12544K, reserved 1048576K
}
Event: 5.451 GC heap after
{Heap after GC invocations=24 (full 0):
 garbage-first heap   total 159744K, used 86859K [0x0000000700000000, 0x0000000800000000)
  region size 2048K, 2 young (4096K), 2 survivors (4096K)
 Metaspace       used 88702K, committed 89344K, reserved 1179648K
  class space    used 12254K, committed 12544K, reserved 1048576K
}
Event: 5.689 GC heap before
{Heap before GC invocations=24 (full 0):
 garbage-first heap   total 159744K, used 131915K [0x0000000700000000, 0x0000000800000000)
  region size 2048K, 24 young (49152K), 2 survivors (4096K)
 Metaspace       used 91494K, committed 92160K, reserved 1179648K
  class space    used 12671K, committed 12992K, reserved 1048576K
}
Event: 5.691 GC heap after
{Heap after GC invocations=25 (full 0):
 garbage-first heap   total 192512K, used 89293K [0x0000000700000000, 0x0000000800000000)
  region size 2048K, 3 young (6144K), 3 survivors (6144K)
 Metaspace       used 91494K, committed 92160K, reserved 1179648K
  class space    used 12671K, committed 12992K, reserved 1048576K
}
Event: 10.137 GC heap before
{Heap before GC invocations=26 (full 0):
 garbage-first heap   total 192512K, used 154829K [0x0000000700000000, 0x0000000800000000)
  region size 2048K, 36 young (73728K), 3 survivors (6144K)
 Metaspace       used 95179K, committed 95872K, reserved 1179648K
  class space    used 13256K, committed 13568K, reserved 1048576K
}

